Arguments: 
  /Users/zhaopeng/.nvm/versions/node/v11.5.0/bin/node /usr/local/Cellar/yarn/1.13.0/libexec/bin/yarn.js add --dev @babel/core @babel/plugin-transform-runtime @babel/preset-env @babel/preset-react @babel/preset-typescrip @commitlint/cli @commitlint/config-conventional

PATH: 
  /Users/zhaopeng/.nvm/versions/node/v11.5.0/bin:/Users/zhaopeng/.rvm/gems/ruby-2.4.1/bin:/Users/zhaopeng/.rvm/gems/ruby-2.4.1@global/bin:/Users/zhaopeng/.rvm/rubies/ruby-2.4.1/bin:/usr/local/bin:/usr/bin:/bin:/usr/sbin:/sbin:/Users/zhaopeng/.rvm/gems/ruby-2.4.1/bin:/Users/zhaopeng/.rvm/gems/ruby-2.4.1@global/bin:/Users/zhaopeng/.rvm/rubies/ruby-2.4.1/bin:/Users/zhaopeng/Applications/apache-maven-3.5.2/bin:/Users/zhaopeng/.rvm/bin:/Users/zhaopeng/Applications/apache-maven-3.5.2/bin:/Users/zhaopeng/.rvm/bin

Yarn version: 
  1.13.0

Node version: 
  11.5.0

Platform: 
  darwin x64

Trace: 
  Error: http://registry.npm.taobao.org/@babel%2fpreset-typescrip: Not found
      at Request.params.callback [as _callback] (/usr/local/Cellar/yarn/1.13.0/libexec/lib/cli.js:66255:18)
      at Request.self.callback (/usr/local/Cellar/yarn/1.13.0/libexec/lib/cli.js:129397:22)
      at Request.emit (events.js:189:13)
      at Request.<anonymous> (/usr/local/Cellar/yarn/1.13.0/libexec/lib/cli.js:130369:10)
      at Request.emit (events.js:189:13)
      at IncomingMessage.<anonymous> (/usr/local/Cellar/yarn/1.13.0/libexec/lib/cli.js:130291:12)
      at Object.onceWrapper (events.js:277:13)
      at IncomingMessage.emit (events.js:194:15)
      at endReadableNT (_stream_readable.js:1129:12)
      at process.internalTickCallback (internal/process/next_tick.js:72:19)

npm manifest: 
  {
    "name": "react-hooks-todo",
    "version": "1.0.0",
    "main": "index.js",
    "repository": "git@github.com:zpbc007/react-hooks-todo.git",
    "author": "zhaopeng <719197352@qq.com>",
    "license": "MIT",
    "scripts": {
      "build": "webpack --config ./build/webpack.prod.js --progress --colors",
      "dev": "webpack-dev-server --config ./build/webpack.dev.js --progress --colors",
      "format": "prettier --write \"src/**/*.{js,ts,tsx}\"",
      "lint:fix": "tslint -c tslint.json \"src/**/*.{ts,tsx}\" --fix"
    },
    "husky": {
      "hooks": {
        "pre-commit": "lint-staged",
        "commit-msg": "commitlint -E HUSKY_GIT_PARAMS"
      }
    },
    "lint-staged": {
      "{src,test}/*.{js,ts,tsx}": [
        "npm run format",
        "npm run lint:fix",
        "git add"
      ]
    },
    "commitlint": {
      "extends": [
        "@commitlint/config-conventional"
      ]
    },
    "dependencies": {
      "react": "^16.8.4",
      "react-dom": "^16.8.4"
    }
  }

yarn manifest: 
  No manifest

Lockfile: 
  # THIS IS AN AUTOGENERATED FILE. DO NOT EDIT THIS FILE DIRECTLY.
  # yarn lockfile v1
  
  
  "js-tokens@^3.0.0 || ^4.0.0":
    version "4.0.0"
    resolved "http://registry.npm.taobao.org/js-tokens/download/js-tokens-4.0.0.tgz#19203fb59991df98e3a287050d4647cdeaf32499"
    integrity sha1-GSA/tZmR35jjoocFDUZHzerzJJk=
  
  loose-envify@^1.1.0, loose-envify@^1.4.0:
    version "1.4.0"
    resolved "http://registry.npm.taobao.org/loose-envify/download/loose-envify-1.4.0.tgz#71ee51fa7be4caec1a63839f7e682d8132d30caf"
    integrity sha1-ce5R+nvkyuwaY4OffmgtgTLTDK8=
    dependencies:
      js-tokens "^3.0.0 || ^4.0.0"
  
  object-assign@^4.1.1:
    version "4.1.1"
    resolved "http://registry.npm.taobao.org/object-assign/download/object-assign-4.1.1.tgz#2109adc7965887cfc05cbbd442cac8bfbb360863"
    integrity sha1-IQmtx5ZYh8/AXLvUQsrIv7s2CGM=
  
  prop-types@^15.6.2:
    version "15.7.2"
    resolved "http://registry.npm.taobao.org/prop-types/download/prop-types-15.7.2.tgz#52c41e75b8c87e72b9d9360e0206b99dcbffa6c5"
    integrity sha1-UsQedbjIfnK52TYOAga5ncv/psU=
    dependencies:
      loose-envify "^1.4.0"
      object-assign "^4.1.1"
      react-is "^16.8.1"
  
  react-dom@^16.8.4:
    version "16.8.4"
    resolved "http://registry.npm.taobao.org/react-dom/download/react-dom-16.8.4.tgz#1061a8e01a2b3b0c8160037441c3bf00a0e3bc48"
    integrity sha1-EGGo4BorOwyBYAN0QcO/AKDjvEg=
    dependencies:
      loose-envify "^1.1.0"
      object-assign "^4.1.1"
      prop-types "^15.6.2"
      scheduler "^0.13.4"
  
  react-is@^16.8.1:
    version "16.8.4"
    resolved "http://registry.npm.taobao.org/react-is/download/react-is-16.8.4.tgz#90f336a68c3a29a096a3d648ab80e87ec61482a2"
    integrity sha1-kPM2pow6KaCWo9ZIq4DofsYUgqI=
  
  react@^16.8.4:
    version "16.8.4"
    resolved "http://registry.npm.taobao.org/react/download/react-16.8.4.tgz#fdf7bd9ae53f03a9c4cd1a371432c206be1c4768"
    integrity sha1-/fe9muU/A6nEzRo3FDLCBr4cR2g=
    dependencies:
      loose-envify "^1.1.0"
      object-assign "^4.1.1"
      prop-types "^15.6.2"
      scheduler "^0.13.4"
  
  scheduler@^0.13.4:
    version "0.13.4"
    resolved "http://registry.npm.taobao.org/scheduler/download/scheduler-0.13.4.tgz#8fef05e7a3580c76c0364d2df5e550e4c9140298"
    integrity sha1-j+8F56NYDHbANk0t9eVQ5MkUApg=
    dependencies:
      loose-envify "^1.1.0"
      object-assign "^4.1.1"
